<?xml version="1.0" encoding="UTF-8" ?>
<testsuite errors="1" failures="0" hostname="DESKTOP-ELC2FB3" name="ec.edu.espe.server.ServidorIT" skipped="0" tests="1" time="0.0" timestamp="2019-04-02T07:01:33">
  <properties>
[...]
</properties>
  <testcase classname="ec.edu.espe.server.ServidorIT" name="testEscribirDatos" time="0.0">
    <error message="Forked Java VM exited abnormally. Please note the time in the report does not reflect the time until the VM exit." type="junit.framework.AssertionFailedError">junit.framework.AssertionFailedError: Forked Java VM exited abnormally. Please note the time in the report does not reflect the time until the VM exit.
	at jdk.internal.reflect.GeneratedMethodAccessor179.invoke(Unknown Source)
	at java.base/jdk.internal.reflect.DelegatingMethodAccessorImpl.invoke(DelegatingMethodAccessorImpl.java:43)
	at java.base/java.util.Vector.forEach(Vector.java:1387)
	at jdk.internal.reflect.GeneratedMethodAccessor179.invoke(Unknown Source)
	at java.base/jdk.internal.reflect.DelegatingMethodAccessorImpl.invoke(DelegatingMethodAccessorImpl.java:43)
	at jdk.internal.reflect.GeneratedMethodAccessor179.invoke(Unknown Source)
	at java.base/jdk.internal.reflect.DelegatingMethodAccessorImpl.invoke(DelegatingMethodAccessorImpl.java:43)
	at java.base/java.util.Vector.forEach(Vector.java:1387)
	at jdk.internal.reflect.GeneratedMethodAccessor179.invoke(Unknown Source)
	at java.base/jdk.internal.reflect.DelegatingMethodAccessorImpl.invoke(DelegatingMethodAccessorImpl.java:43)
	at jdk.internal.reflect.GeneratedMethodAccessor179.invoke(Unknown Source)
	at java.base/jdk.internal.reflect.DelegatingMethodAccessorImpl.invoke(DelegatingMethodAccessorImpl.java:43)
	at java.base/java.util.Vector.forEach(Vector.java:1387)
	at jdk.internal.reflect.GeneratedMethodAccessor179.invoke(Unknown Source)
	at java.base/jdk.internal.reflect.DelegatingMethodAccessorImpl.invoke(DelegatingMethodAccessorImpl.java:43)
	at jdk.internal.reflect.GeneratedMethodAccessor179.invoke(Unknown Source)
	at java.base/jdk.internal.reflect.DelegatingMethodAccessorImpl.invoke(DelegatingMethodAccessorImpl.java:43)
	at java.base/java.util.Vector.forEach(Vector.java:1387)
	at jdk.internal.reflect.GeneratedMethodAccessor179.invoke(Unknown Source)
	at java.base/jdk.internal.reflect.DelegatingMethodAccessorImpl.invoke(DelegatingMethodAccessorImpl.java:43)
	at jdk.internal.reflect.GeneratedMethodAccessor179.invoke(Unknown Source)
	at java.base/jdk.internal.reflect.DelegatingMethodAccessorImpl.invoke(DelegatingMethodAccessorImpl.java:43)
	at org.netbeans.core.execution.RunClassThread.run(RunClassThread.java:128)
</error>
  </testcase>
</testsuite>
